<?xml version="1.0" encoding="UTF-8"?>
<!-- Generated by org.testng.reporters.JUnitReportReporter -->
<testsuite hostname="DESKTOP-DICR0QK" failures="0" tests="1" name="org.commerce.AppTest" time="0.049" errors="0" timestamp="2021-01-10T07:19:02 PST" skipped="0">
  <testcase classname="org.commerce.AppTest" name="shouldAnswerWithTrue" time="0.049"/>
  <system-out/>
</testsuite> <!-- org.commerce.AppTest -->
